[0.166s] Invoking command in '/home/ros2_ws/src/ros2_control_demos/example_2/build/snowplow_motor_controller': CMAKE_PREFIX_PATH=/opt/ros/humble /usr/bin/cmake --build /home/ros2_ws/src/ros2_control_demos/example_2/build/snowplow_motor_controller -- -j8 -l8
[0.270s] [35m[1mConsolidate compiler generated dependencies of target snowplow_motor_controller[0m
[0.314s] [ 50%] [32mBuilding CXX object CMakeFiles/snowplow_motor_controller.dir/hardware/diffbot_system.cpp.o[0m
[2.314s] In file included from [01m[K/home/ros2_ws/src/ros2_control_demos/example_2/hardware/include/snowplow_motor_controller/diffbot_system.hpp:35[m[K,
[2.314s]                  from [01m[K/home/ros2_ws/src/ros2_control_demos/example_2/hardware/diffbot_system.cpp:15[m[K:
[2.314s] [01m[K/home/ros2_ws/src/ros2_control_demos/example_2/hardware/include/snowplow_motor_controller/hdc2460_comms.hpp:[m[K In member function â€˜[01m[Kstd::string Hdc2460Comms::enumerate_port()[m[Kâ€™:
[2.315s] [01m[K/home/ros2_ws/src/ros2_control_demos/example_2/hardware/include/snowplow_motor_controller/hdc2460_comms.hpp:29:12:[m[K [01;31m[Kerror: [m[Kâ€˜[01m[Kregex[m[Kâ€™ is not a member of â€˜[01m[Kstd[m[Kâ€™
[2.315s]    29 |       std::[01;31m[Kregex[m[K manufacture("(Prolific)(.*)");
[2.315s]       |            [01;31m[K^~~~~[m[K
[2.320s] [01m[K/home/ros2_ws/src/ros2_control_demos/example_2/hardware/include/snowplow_motor_controller/hdc2460_comms.hpp:30:19:[m[K [01;31m[Kerror: [m[Kâ€˜[01m[Kserial[m[Kâ€™ was not declared in this scope; did you mean â€˜[01m[Km_serial[m[Kâ€™?
[2.321s]    30 |       std::vector<[01;31m[Kserial[m[K::PortInfo> devices = serial::list_ports();
[2.321s]       |                   [01;31m[K^~~~~~[m[K
[2.321s]       |                   [32m[Km_serial[m[K
[2.322s] [01m[K/home/ros2_ws/src/ros2_control_demos/example_2/hardware/include/snowplow_motor_controller/hdc2460_comms.hpp:30:35:[m[K [01;31m[Kerror: [m[Ktemplate argument 1 is invalid
[2.322s]    30 |       std::vector<serial::PortInfo[01;31m[K>[m[K devices = serial::list_ports();
[2.322s]       |                                   [01;31m[K^[m[K
[2.322s] [01m[K/home/ros2_ws/src/ros2_control_demos/example_2/hardware/include/snowplow_motor_controller/hdc2460_comms.hpp:30:35:[m[K [01;31m[Kerror: [m[Ktemplate argument 2 is invalid
[2.322s] [01m[K/home/ros2_ws/src/ros2_control_demos/example_2/hardware/include/snowplow_motor_controller/hdc2460_comms.hpp:30:47:[m[K [01;31m[Kerror: [m[Kâ€˜[01m[Kserial[m[Kâ€™ is not a class, namespace, or enumeration
[2.323s]    30 |       std::vector<serial::PortInfo> devices = [01;31m[Kserial[m[K::list_ports();
[2.323s]       |                                               [01;31m[K^~~~~~[m[K
[2.323s] [01m[K/home/ros2_ws/src/ros2_control_demos/example_2/hardware/include/snowplow_motor_controller/hdc2460_comms.hpp:31:35:[m[K [01;31m[Kerror: [m[Ktemplate argument 2 is invalid
[2.323s]    31 |       std::vector<serial::PortInfo[01;31m[K>[m[K::iterator ports = devices.begin();
[2.323s]       |                                   [01;31m[K^[m[K
[2.324s] [01m[K/home/ros2_ws/src/ros2_control_demos/example_2/hardware/include/snowplow_motor_controller/hdc2460_comms.hpp:31:47:[m[K [01;31m[Kerror: [m[Kqualified-id in declaration before â€˜[01m[Kports[m[Kâ€™
[2.324s]    31 |       std::vector<serial::PortInfo>::iterator [01;31m[Kports[m[K = devices.begin();
[2.324s]       |                                               [01;31m[K^~~~~[m[K
[2.324s] [01m[K/home/ros2_ws/src/ros2_control_demos/example_2/hardware/include/snowplow_motor_controller/hdc2460_comms.hpp:30:37:[m[K [01;35m[Kwarning: [m[Kunused variable â€˜[01m[Kdevices[m[Kâ€™ [[01;35m[K]8;;https://gcc.gnu.org/onlinedocs/gcc/Warning-Options.html#index-Wunused-variable-Wunused-variable]8;;[m[K]
[2.324s]    30 |       std::vector<serial::PortInfo> [01;35m[Kdevices[m[K = serial::list_ports();
[2.325s]       |                                     [01;35m[K^~~~~~~[m[K
[2.325s] [01m[K/home/ros2_ws/src/ros2_control_demos/example_2/hardware/include/snowplow_motor_controller/hdc2460_comms.hpp:40:5:[m[K [01;35m[Kwarning: [m[Kno return statement in function returning non-void [[01;35m[K]8;;https://gcc.gnu.org/onlinedocs/gcc/Warning-Options.html#index-Wreturn-type-Wreturn-type]8;;[m[K]
[2.325s]    40 |     [01;35m[K}[m[K
[2.325s]       |     [01;35m[K^[m[K
[8.506s] gmake[2]: *** [CMakeFiles/snowplow_motor_controller.dir/build.make:76: CMakeFiles/snowplow_motor_controller.dir/hardware/diffbot_system.cpp.o] Error 1
[8.507s] gmake[1]: *** [CMakeFiles/Makefile2:137: CMakeFiles/snowplow_motor_controller.dir/all] Error 2
[8.507s] gmake: *** [Makefile:146: all] Error 2
[8.511s] Invoked command in '/home/ros2_ws/src/ros2_control_demos/example_2/build/snowplow_motor_controller' returned '2': CMAKE_PREFIX_PATH=/opt/ros/humble /usr/bin/cmake --build /home/ros2_ws/src/ros2_control_demos/example_2/build/snowplow_motor_controller -- -j8 -l8
