[0.193s] Invoking command in '/home/ros2_ws/src/ros2_control_demos/example_2/build/snowplow_motor_controller': CMAKE_PREFIX_PATH=/opt/ros/humble /usr/bin/cmake --build /home/ros2_ws/src/ros2_control_demos/example_2/build/snowplow_motor_controller -- -j8 -l8
[0.317s] [35m[1mConsolidate compiler generated dependencies of target snowplow_motor_controller[0m
[0.382s] [ 50%] [32mBuilding CXX object CMakeFiles/snowplow_motor_controller.dir/hardware/diffbot_system.cpp.o[0m
[3.010s] In file included from [01m[K/home/ros2_ws/src/ros2_control_demos/example_2/hardware/include/snowplow_motor_controller/diffbot_system.hpp:35[m[K,
[3.010s]                  from [01m[K/home/ros2_ws/src/ros2_control_demos/example_2/hardware/diffbot_system.cpp:15[m[K:
[3.011s] [01m[K/home/ros2_ws/src/ros2_control_demos/example_2/hardware/include/snowplow_motor_controller/hdc2460_comms.hpp:[m[K In member function â€˜[01m[Kstd::string Hdc2460Comms::enumerate_port()[m[Kâ€™:
[3.011s] [01m[K/home/ros2_ws/src/ros2_control_demos/example_2/hardware/include/snowplow_motor_controller/hdc2460_comms.hpp:29:12:[m[K [01;31m[Kerror: [m[Kâ€˜[01m[Kregex[m[Kâ€™ is not a member of â€˜[01m[Kstd[m[Kâ€™
[3.011s]    29 |       std::[01;31m[Kregex[m[K manufacture("(Prolific)(.*)");
[3.011s]       |            [01;31m[K^~~~~[m[K
[3.018s] [01m[K/home/ros2_ws/src/ros2_control_demos/example_2/hardware/include/snowplow_motor_controller/hdc2460_comms.hpp:30:19:[m[K [01;31m[Kerror: [m[Kâ€˜[01m[Kserial[m[Kâ€™ was not declared in this scope; did you mean â€˜[01m[Km_serial[m[Kâ€™?
[3.019s]    30 |       std::vector<[01;31m[Kserial[m[K::PortInfo> devices = serial::list_ports();
[3.019s]       |                   [01;31m[K^~~~~~[m[K
[3.019s]       |                   [32m[Km_serial[m[K
[3.019s] [01m[K/home/ros2_ws/src/ros2_control_demos/example_2/hardware/include/snowplow_motor_controller/hdc2460_comms.hpp:30:35:[m[K [01;31m[Kerror: [m[Ktemplate argument 1 is invalid
[3.019s]    30 |       std::vector<serial::PortInfo[01;31m[K>[m[K devices = serial::list_ports();
[3.020s]       |                                   [01;31m[K^[m[K
[3.020s] [01m[K/home/ros2_ws/src/ros2_control_demos/example_2/hardware/include/snowplow_motor_controller/hdc2460_comms.hpp:30:35:[m[K [01;31m[Kerror: [m[Ktemplate argument 2 is invalid
[3.020s] [01m[K/home/ros2_ws/src/ros2_control_demos/example_2/hardware/include/snowplow_motor_controller/hdc2460_comms.hpp:30:47:[m[K [01;31m[Kerror: [m[Kâ€˜[01m[Kserial[m[Kâ€™ is not a class, namespace, or enumeration
[3.020s]    30 |       std::vector<serial::PortInfo> devices = [01;31m[Kserial[m[K::list_ports();
[3.020s]       |                                               [01;31m[K^~~~~~[m[K
[3.021s] [01m[K/home/ros2_ws/src/ros2_control_demos/example_2/hardware/include/snowplow_motor_controller/hdc2460_comms.hpp:31:35:[m[K [01;31m[Kerror: [m[Ktemplate argument 2 is invalid
[3.021s]    31 |       std::vector<serial::PortInfo[01;31m[K>[m[K::iterator ports = devices.begin();
[3.021s]       |                                   [01;31m[K^[m[K
[3.021s] [01m[K/home/ros2_ws/src/ros2_control_demos/example_2/hardware/include/snowplow_motor_controller/hdc2460_comms.hpp:31:47:[m[K [01;31m[Kerror: [m[Kqualified-id in declaration before â€˜[01m[Kports[m[Kâ€™
[3.021s]    31 |       std::vector<serial::PortInfo>::iterator [01;31m[Kports[m[K = devices.begin();
[3.022s]       |                                               [01;31m[K^~~~~[m[K
[3.035s] [01m[K/home/ros2_ws/src/ros2_control_demos/example_2/hardware/include/snowplow_motor_controller/hdc2460_comms.hpp:32:14:[m[K [01;31m[Kerror: [m[Kâ€˜[01m[Kports[m[Kâ€™ was not declared in this scope; did you mean â€˜[01m[Kport[m[Kâ€™?
[3.035s]    32 |       while ([01;31m[Kports[m[K != devices.end())
[3.035s]       |              [01;31m[K^~~~~[m[K
[3.035s]       |              [32m[Kport[m[K
[3.035s] [01m[K/home/ros2_ws/src/ros2_control_demos/example_2/hardware/include/snowplow_motor_controller/hdc2460_comms.hpp:32:31:[m[K [01;31m[Kerror: [m[Krequest for member â€˜[01m[Kend[m[Kâ€™ in â€˜[01m[Kdevices[m[Kâ€™, which is of non-class type â€˜[01m[Kint[m[Kâ€™
[3.035s]    32 |       while (ports != devices.[01;31m[Kend[m[K())
[3.036s]       |                               [01;31m[K^~~[m[K
[3.036s] [01m[K/home/ros2_ws/src/ros2_control_demos/example_2/hardware/include/snowplow_motor_controller/hdc2460_comms.hpp:34:9:[m[K [01;31m[Kerror: [m[Kâ€˜[01m[Kserial[m[Kâ€™ is not a class, namespace, or enumeration
[3.036s]    34 |         [01;31m[Kserial[m[K::PortInfo found_port = *ports++;
[3.036s]       |         [01;31m[K^~~~~~[m[K
[3.037s] [01m[K/home/ros2_ws/src/ros2_control_demos/example_2/hardware/include/snowplow_motor_controller/hdc2460_comms.hpp:35:18:[m[K [01;31m[Kerror: [m[Kâ€˜[01m[Kregex_match[m[Kâ€™ is not a member of â€˜[01m[Kstd[m[Kâ€™
[3.038s]    35 |         if (std::[01;31m[Kregex_match[m[K(found_port.description.c_str(), manufacture))
[3.038s]       |                  [01;31m[K^~~~~~~~~~~[m[K
[3.053s] [01m[K/home/ros2_ws/src/ros2_control_demos/example_2/hardware/include/snowplow_motor_controller/hdc2460_comms.hpp:35:30:[m[K [01;31m[Kerror: [m[Kâ€˜[01m[Kfound_port[m[Kâ€™ was not declared in this scope
[3.054s]    35 |         if (std::regex_match([01;31m[Kfound_port[m[K.description.c_str(), manufacture))
[3.054s]       |                              [01;31m[K^~~~~~~~~~[m[K
[3.068s] [01m[K/home/ros2_ws/src/ros2_control_demos/example_2/hardware/include/snowplow_motor_controller/hdc2460_comms.hpp:35:62:[m[K [01;31m[Kerror: [m[Kâ€˜[01m[Kmanufacture[m[Kâ€™ was not declared in this scope
[3.069s]    35 |         if (std::regex_match(found_port.description.c_str(), [01;31m[Kmanufacture[m[K))
[3.069s]       |                                                              [01;31m[K^~~~~~~~~~~[m[K
[3.076s] [01m[K/home/ros2_ws/src/ros2_control_demos/example_2/hardware/include/snowplow_motor_controller/hdc2460_comms.hpp:37:11:[m[K [01;31m[Kerror: [m[Kâ€˜[01m[Kusb_port[m[Kâ€™ was not declared in this scope; did you mean â€˜[01m[Kushort[m[Kâ€™?
[3.077s]    37 |           [01;31m[Kusb_port[m[K = found_port.port.c_str();
[3.077s]       |           [01;31m[K^~~~~~~~[m[K
[3.077s]       |           [32m[Kushort[m[K
[3.077s] [01m[K/home/ros2_ws/src/ros2_control_demos/example_2/hardware/include/snowplow_motor_controller/hdc2460_comms.hpp:40:5:[m[K [01;35m[Kwarning: [m[Kno return statement in function returning non-void [[01;35m[K]8;;https://gcc.gnu.org/onlinedocs/gcc/Warning-Options.html#index-Wreturn-type-Wreturn-type]8;;[m[K]
[3.077s]    40 |     [01;35m[K}[m[K
[3.077s]       |     [01;35m[K^[m[K
[8.414s] gmake[2]: *** [CMakeFiles/snowplow_motor_controller.dir/build.make:76: CMakeFiles/snowplow_motor_controller.dir/hardware/diffbot_system.cpp.o] Error 1
[8.414s] gmake[1]: *** [CMakeFiles/Makefile2:137: CMakeFiles/snowplow_motor_controller.dir/all] Error 2
[8.414s] gmake: *** [Makefile:146: all] Error 2
[8.417s] Invoked command in '/home/ros2_ws/src/ros2_control_demos/example_2/build/snowplow_motor_controller' returned '2': CMAKE_PREFIX_PATH=/opt/ros/humble /usr/bin/cmake --build /home/ros2_ws/src/ros2_control_demos/example_2/build/snowplow_motor_controller -- -j8 -l8
